
=== Wed Jun  9 14:46:27 2021

Packages were changed.
Update Mode: mergeDefaultDependencies

The following packages were added:
  com.unity.ide.visualstudio@2.0.3
  com.unity.render-pipelines.high-definition@8.2.0
The following packages were updated:
  com.unity.ide.vscode from version 1.2.1 to 1.2.2

=== Wed Jun  9 15:00:03 2021

Packages were changed.
Update Mode: resetToDefaultDependencies

The following packages were updated:
  com.unity.ide.rider from version 3.0.7 to 2.0.7
  com.unity.ide.visualstudio from version 2.0.3 to 2.0.7
  com.unity.ide.vscode from version 1.2.2 to 1.2.3
  com.unity.test-framework from version 1.1.22 to 1.1.24
  com.unity.timeline from version 1.5.2 to 1.4.6
The following packages were removed:
  com.unity.2d.sprite@1.0.0
  com.unity.2d.tilemap@1.0.0
  com.unity.ads@3.4.7
  com.unity.analytics@3.3.5
  com.unity.postprocessing@2.3.0
  com.unity.purchasing@2.0.6
  com.unity.render-pipelines.high-definition@8.2.0
  com.unity.visualscripting@1.5.2

=== Wed Jun  9 19:15:32 2021

Packages were changed.
Update Mode: updateDependencies

The following packages were updated:
  com.unity.ide.rider from version 2.0.7 to 3.0.5
  com.unity.timeline from version 1.4.6 to 1.5.2
